
COMP3 (Client)	Fri Nov 30 10:37:38 2012
	INET/inet_error: read errno = 10053


COMP3 (Client)	Fri Nov 30 10:37:47 2012
	INET/inet_error: send errno = 10053


COMP3 (Client)	Fri Nov 30 10:37:49 2012
	INET/inet_error: send errno = 10053


COMP3 (Client)	Fri Nov 30 10:37:50 2012
	INET/inet_error: send errno = 10053


COMP3 (Client)	Fri Nov 30 10:37:52 2012
	INET/inet_error: send errno = 10053


COMP3 (Client)	Fri Nov 30 10:37:55 2012
	INET/inet_error: send errno = 10053


COMP3 (Client)	Fri Nov 30 10:38:00 2012
	INET/inet_error: send errno = 10053


COMP3 (Client)	Fri Nov 30 10:38:10 2012
	REMOTE INTERFACE/gds__detach: Unsuccesful detach from database. 
	Uncommitted work may have been lost


COMP3 (Client)	Fri Nov 30 10:38:10 2012
	INET/inet_error: send errno = 10053


COMP3 (Client)	Fri Nov 30 10:38:10 2012
	INET/inet_error: send errno = 10053


COMP3 (Client)	Fri Nov 30 10:38:10 2012
	INET/inet_error: send errno = 10053


COMP3 (Client)	Fri Nov 30 10:38:10 2012
	INET/inet_error: send errno = 10053


COMP3 (Client)	Fri Nov 30 10:38:10 2012
	REMOTE INTERFACE/gds__detach: Unsuccesful detach from database. 
	Uncommitted work may have been lost


COMP3 (Client)	Fri Nov 30 10:38:10 2012
	INET/inet_error: send errno = 10053

