<logdata>
<_  time = '17.03.2008 15:24:42' >בנאבאעגאול D:\וכמק\FTPDB\FTPDBInstall.ci</>
<_   >Converting the project...</>
<_   >Generating sources...</>
<_   >Compiling Gentee scripts...</>
<_   >Optimizing...</>
<_   >Input size: 111919 bytes</>
<_   >Output size: 76857 bytes</>
<_   >Making c:\setups\FTPDB-1.5.1.exe...</>
<_   >Adding temporary files to EXE</>
<_ ratio = 30.44% time = '10.11.2002 13:56:02' size = 20678>C:\Program Files\CreateInstall Free\resource\Logo\Install - 1.bmp</>
<_ ratio = 51.29% time = '05.11.2002 13:52:24' size = 7308>C:\Program Files\CreateInstall Free\resource\Logo\Default - 1.bmp</>
<_ ratio = 60.96% time = '14.02.2008 15:08:52' size = 1527>D:\וכמק\FTPDB\License.txt</>
<_ ratio = 25.81% time = '10.11.2002 13:56:02' size = 20678>C:\Program Files\CreateInstall Free\resource\Logo\unInstall - 1.bmp</>
<_ ratio = 48.45% time = '17.03.2008 15:24:44' size = 3048>C:\DOCUME~1\xxx\LOCALS~1\Temp\gentee00\russian.lng</>
<_   >Adding resource files to EXE</>
<_   size = 114688>File c:\setups\FTPDB-1.5.1.exe has been created successfully</>
<_   >Making C:\DOCUME~1\xxx\LOCALS~1\Temp\gentee00\uninstall.exe...</>
<_   >Adding resource files to EXE</>
<_   size = 114688>File C:\DOCUME~1\xxx\LOCALS~1\Temp\gentee00\uninstall.exe has been created successfully</>
<_ ratio = 0.06%  size = 114688>Packing Uninstall Exe</>
<_   >Packing files</>
<_   >================================</>
<_ ratio = 44.83% time = '12.03.2008 9:59:48' size = 1054208>D:\וכמק\FTPDB\FTPDB\FTPDBDaemon\FTPDBDaemon.exe</>
<_ ratio = 25.75% time = '25.04.2007 9:40:08' size = 8598>D:\וכמק\FTPDB\FTPDB\FTPDBWeb\Files\btnExecute.bmp</>
<_ ratio = 14.75% time = '24.04.2007 17:36:16' size = 6054>D:\וכמק\FTPDB\FTPDB\FTPDBWeb\Files\btnApply.bmp</>
<_ ratio = 10.10% time = '24.04.2007 17:35:14' size = 6054>D:\וכמק\FTPDB\FTPDB\FTPDBWeb\Files\btnCancel.bmp</>
<_ ratio = 12.43% time = '24.04.2007 17:48:32' size = 4086>D:\וכמק\FTPDB\FTPDB\FTPDBWeb\Files\btnLog.bmp</>
<_ ratio = 34.49% time = '25.04.2007 10:39:50' size = 6354>D:\וכמק\FTPDB\FTPDB\FTPDBWeb\Files\btnConnect.bmp</>
<_ ratio = 45.50% time = '19.04.2007 15:14:34' size = 60944>D:\וכמק\FTPDB\FTPDB\FTPDBWeb\Files\BSHOW.GIF</>
<_ ratio = 40.48% time = '12.03.2007 10:45:10' size = 3478>D:\וכמק\FTPDB\FTPDB\FTPDBWeb\Files\Exit.htm</>
<_ ratio = 78.08% time = '15.10.2007 10:50:10' size = 4436>D:\וכמק\FTPDB\FTPDB\FTPDBWeb\Files\MAINPIC.GIF</>
<_ ratio = 8.19% time = '28.02.2008 16:12:08' size = 4086>D:\וכמק\FTPDB\FTPDB\FTPDBWeb\Files\btnScStart.bmp</>
<_ ratio = 4.62% time = '28.02.2008 16:19:18' size = 4086>D:\וכמק\FTPDB\FTPDB\FTPDBWeb\Files\btnScStop.bmp</>
<_ ratio = 4.69% time = '28.02.2008 16:32:42' size = 8694>D:\וכמק\FTPDB\FTPDB\FTPDBWeb\Files\btnScRestart.bmp</>
<_ ratio = 4.08% time = '28.02.2008 17:25:26' size = 8694>D:\וכמק\FTPDB\FTPDB\FTPDBWeb\Files\btnSessions.bmp</>
<_ ratio = 47.15% time = '24.04.1998 16:58:20' size = 246>D:\וכמק\FTPDB\FTPDB\FTPDBWeb\Files\HELP.BMP</>
<_ ratio = 40.87% time = '12.03.2008 11:35:58' size = 2138624>D:\וכמק\FTPDB\FTPDB\FTPDBWeb\FTPDBWeb.exe</>
<_ ratio = 350.00% time = '14.02.2008 15:09:24' size = 2>D:\וכמק\FTPDB\FTPDB\FTPDBWeb\FTPDBWeb.log</>
<_ ratio = 0.00% time = '09.11.2007 15:18:54' >D:\וכמק\FTPDB\FTPDB\FTPDBWeb\FTPDBWeb.err</>
<_ ratio = 53.93% time = '27.10.2005 8:42:18' size = 89088>D:\וכמק\FTPDB\FTPDB\gdbutils.dll</>
<_ ratio = 6.35% time = '17.03.2008 8:41:10' size = 4571136>D:\וכמק\FTPDB\FTPDB\FTPDB.GDB</>
<_ ratio = 36.76% time = '20.08.2007 9:32:04' size = 1526>D:\וכמק\FTPDB\FTPDB\FTPDB_Install.bat</>
<_ ratio = 26.54% time = '14.08.2007 9:01:26' size = 388>D:\וכמק\FTPDB\FTPDB\FTPDB_Uninstall.bat</>
<_ ratio = 37.86% time = '13.08.2007 16:56:04' size = 103>D:\וכמק\FTPDB\FTPDB\FTPDB_Start.bat</>
<_ ratio = 35.00% time = '13.08.2007 16:55:28' size = 100>D:\וכמק\FTPDB\FTPDB\FTPDB_Stop.bat</>
<_ ratio = 44.13% time = '17.03.2008 9:27:18' size = 1333760>D:\וכמק\FTPDB\FTPDB\FTPDBCP.cpl</>
<_ ratio = 100.00% time = '15.08.2007 9:43:48' size = 57004>D:\וכמק\FTPDB\FTPDB\FTPDB.zip</>
<_ ratio = 31.07% time = '29.03.2006 15:26:06' size = 766>D:\וכמק\FTPDB\FTPDB\Icon.ico</>
<_ ratio = 44.62% time = '19.12.2004 11:32:54' size = 31232>D:\וכמק\FTPDB\FTPDB\cmdow.exe</>
<_ ratio = 61.23% time = '14.02.2008 15:08:52' size = 1527>D:\וכמק\FTPDB\FTPDB\License.txt</>
<_ ratio = 46.25% time = '21.08.2007 9:16:38' size = 3262>D:\וכמק\FTPDB\FTPDB\IconWebClient.ico</>
<_ ratio = 59.33% time = '11.03.2008 15:17:58' size = 5632>D:\וכמק\FTPDB\FTPDB\Thumbs.db</>
<_ ratio = 100.00% time = '13.03.2008 17:39:44' size = 531793>D:\וכמק\FTPDB\FTPDB\FTPDBHelp.chm</>
<_   >Duplicate: D:\וכמק\FTPDB\FTPDB\FTPDBDaemon\FTPDBDaemon.exe</>
<_ ratio = 44.83% time = '12.03.2008 9:59:48' size = 1054208>D:\וכמק\FTPDB\FTPDB\FTPDBDaemon\FTPDBDaemon.exe</>
<_   >Duplicate: D:\וכמק\FTPDB\FTPDB\FTPDBWeb\Files\btnExecute.bmp</>
<_ ratio = 25.75% time = '25.04.2007 9:40:08' size = 8598>D:\וכמק\FTPDB\FTPDB\FTPDBWeb\Files\btnExecute.bmp</>
<_   >Duplicate: D:\וכמק\FTPDB\FTPDB\FTPDBWeb\Files\btnApply.bmp</>
<_ ratio = 14.75% time = '24.04.2007 17:36:16' size = 6054>D:\וכמק\FTPDB\FTPDB\FTPDBWeb\Files\btnApply.bmp</>
<_   >Duplicate: D:\וכמק\FTPDB\FTPDB\FTPDBWeb\Files\btnCancel.bmp</>
<_ ratio = 10.10% time = '24.04.2007 17:35:14' size = 6054>D:\וכמק\FTPDB\FTPDB\FTPDBWeb\Files\btnCancel.bmp</>
<_   >Duplicate: D:\וכמק\FTPDB\FTPDB\FTPDBWeb\Files\btnLog.bmp</>
<_ ratio = 12.43% time = '24.04.2007 17:48:32' size = 4086>D:\וכמק\FTPDB\FTPDB\FTPDBWeb\Files\btnLog.bmp</>
<_   >Duplicate: D:\וכמק\FTPDB\FTPDB\FTPDBWeb\Files\btnConnect.bmp</>
<_ ratio = 34.49% time = '25.04.2007 10:39:50' size = 6354>D:\וכמק\FTPDB\FTPDB\FTPDBWeb\Files\btnConnect.bmp</>
<_   >Duplicate: D:\וכמק\FTPDB\FTPDB\FTPDBWeb\Files\BSHOW.GIF</>
<_ ratio = 45.50% time = '19.04.2007 15:14:34' size = 60944>D:\וכמק\FTPDB\FTPDB\FTPDBWeb\Files\BSHOW.GIF</>
<_   >Duplicate: D:\וכמק\FTPDB\FTPDB\FTPDBWeb\Files\Exit.htm</>
<_ ratio = 40.48% time = '12.03.2007 10:45:10' size = 3478>D:\וכמק\FTPDB\FTPDB\FTPDBWeb\Files\Exit.htm</>
<_   >Duplicate: D:\וכמק\FTPDB\FTPDB\FTPDBWeb\Files\MAINPIC.GIF</>
<_ ratio = 78.08% time = '15.10.2007 10:50:10' size = 4436>D:\וכמק\FTPDB\FTPDB\FTPDBWeb\Files\MAINPIC.GIF</>
<_   >Duplicate: D:\וכמק\FTPDB\FTPDB\FTPDBWeb\Files\btnScStart.bmp</>
<_ ratio = 8.19% time = '28.02.2008 16:12:08' size = 4086>D:\וכמק\FTPDB\FTPDB\FTPDBWeb\Files\btnScStart.bmp</>
<_   >Duplicate: D:\וכמק\FTPDB\FTPDB\FTPDBWeb\Files\btnScStop.bmp</>
<_ ratio = 4.62% time = '28.02.2008 16:19:18' size = 4086>D:\וכמק\FTPDB\FTPDB\FTPDBWeb\Files\btnScStop.bmp</>
<_   >Duplicate: D:\וכמק\FTPDB\FTPDB\FTPDBWeb\Files\btnScRestart.bmp</>
<_ ratio = 4.69% time = '28.02.2008 16:32:42' size = 8694>D:\וכמק\FTPDB\FTPDB\FTPDBWeb\Files\btnScRestart.bmp</>
<_   >Duplicate: D:\וכמק\FTPDB\FTPDB\FTPDBWeb\Files\btnSessions.bmp</>
<_ ratio = 4.08% time = '28.02.2008 17:25:26' size = 8694>D:\וכמק\FTPDB\FTPDB\FTPDBWeb\Files\btnSessions.bmp</>
<_   >Duplicate: D:\וכמק\FTPDB\FTPDB\FTPDBWeb\Files\HELP.BMP</>
<_ ratio = 47.15% time = '24.04.1998 16:58:20' size = 246>D:\וכמק\FTPDB\FTPDB\FTPDBWeb\Files\HELP.BMP</>
<_   >Duplicate: D:\וכמק\FTPDB\FTPDB\FTPDBWeb\FTPDBWeb.exe</>
<_ ratio = 40.87% time = '12.03.2008 11:35:58' size = 2138624>D:\וכמק\FTPDB\FTPDB\FTPDBWeb\FTPDBWeb.exe</>
<_   >Duplicate: D:\וכמק\FTPDB\FTPDB\FTPDBWeb\FTPDBWeb.log</>
<_ ratio = 350.00% time = '14.02.2008 15:09:24' size = 2>D:\וכמק\FTPDB\FTPDB\FTPDBWeb\FTPDBWeb.log</>
<_   >Duplicate: D:\וכמק\FTPDB\FTPDB\FTPDBWeb\FTPDBWeb.err</>
<_ ratio = 0.00% time = '09.11.2007 15:18:54' >D:\וכמק\FTPDB\FTPDB\FTPDBWeb\FTPDBWeb.err</>
<_   >Duplicate: D:\וכמק\FTPDB\FTPDB\gdbutils.dll</>
<_ ratio = 53.93% time = '27.10.2005 8:42:18' size = 89088>D:\וכמק\FTPDB\FTPDB\gdbutils.dll</>
<_   >Duplicate: D:\וכמק\FTPDB\FTPDB\FTPDB.GDB</>
<_ ratio = 6.35% time = '17.03.2008 8:41:10' size = 4571136>D:\וכמק\FTPDB\FTPDB\FTPDB.GDB</>
<_   >Duplicate: D:\וכמק\FTPDB\FTPDB\FTPDB_Install.bat</>
<_ ratio = 36.76% time = '20.08.2007 9:32:04' size = 1526>D:\וכמק\FTPDB\FTPDB\FTPDB_Install.bat</>
<_   >Duplicate: D:\וכמק\FTPDB\FTPDB\FTPDB_Uninstall.bat</>
<_ ratio = 26.54% time = '14.08.2007 9:01:26' size = 388>D:\וכמק\FTPDB\FTPDB\FTPDB_Uninstall.bat</>
<_   >Duplicate: D:\וכמק\FTPDB\FTPDB\FTPDB_Start.bat</>
<_ ratio = 37.86% time = '13.08.2007 16:56:04' size = 103>D:\וכמק\FTPDB\FTPDB\FTPDB_Start.bat</>
<_   >Duplicate: D:\וכמק\FTPDB\FTPDB\FTPDB_Stop.bat</>
<_ ratio = 35.00% time = '13.08.2007 16:55:28' size = 100>D:\וכמק\FTPDB\FTPDB\FTPDB_Stop.bat</>
<_   >Duplicate: D:\וכמק\FTPDB\FTPDB\FTPDBCP.cpl</>
<_ ratio = 44.13% time = '17.03.2008 9:27:18' size = 1333760>D:\וכמק\FTPDB\FTPDB\FTPDBCP.cpl</>
<_   >Duplicate: D:\וכמק\FTPDB\FTPDB\FTPDB.zip</>
<_ ratio = 100.00% time = '15.08.2007 9:43:48' size = 57004>D:\וכמק\FTPDB\FTPDB\FTPDB.zip</>
<_   >Duplicate: D:\וכמק\FTPDB\FTPDB\Icon.ico</>
<_ ratio = 31.07% time = '29.03.2006 15:26:06' size = 766>D:\וכמק\FTPDB\FTPDB\Icon.ico</>
<_   >Duplicate: D:\וכמק\FTPDB\FTPDB\cmdow.exe</>
<_ ratio = 44.62% time = '19.12.2004 11:32:54' size = 31232>D:\וכמק\FTPDB\FTPDB\cmdow.exe</>
<_   >Duplicate: D:\וכמק\FTPDB\FTPDB\License.txt</>
<_ ratio = 61.23% time = '14.02.2008 15:08:52' size = 1527>D:\וכמק\FTPDB\FTPDB\License.txt</>
<_   >Duplicate: D:\וכמק\FTPDB\FTPDB\IconWebClient.ico</>
<_ ratio = 46.25% time = '21.08.2007 9:16:38' size = 3262>D:\וכמק\FTPDB\FTPDB\IconWebClient.ico</>
<_   >Duplicate: D:\וכמק\FTPDB\FTPDB\Thumbs.db</>
<_ ratio = 59.33% time = '11.03.2008 15:17:58' size = 5632>D:\וכמק\FTPDB\FTPDB\Thumbs.db</>
<_   >Duplicate: D:\וכמק\FTPDB\FTPDB\FTPDBHelp.chm</>
<_ ratio = 100.00% time = '13.03.2008 17:39:44' size = 531793>D:\וכמק\FTPDB\FTPDB\FTPDBHelp.chm</>
<_   >================================</>
<_ ratio = 29.39%  size = 19891922>All files (62)</>
<_  time = '17.03.2008 15:25:01' >סןורםמו מךמםקאםטו</>
</logdata>
