Microsoft HTML Help Compiler 4.74.8702

Compiling d:\וכמק\FTPDB\Help\FTPDBHelp.chm


Compile time: 0 minutes, 1 second
9	Topics
12	Local links
1	Internet link
16	Graphics


Created d:\וכמק\FTPDB\Help\FTPDBHelp.chm, 530,613 bytes
Compression decreased file by 286,887 bytes.
Microsoft HTML Help Compiler 4.74.8702

Compiling d:\וכמק\FTPDB\Help\FTPDBHelp.chm


Compile time: 0 minutes, 1 second
9	Topics
12	Local links
1	Internet link
16	Graphics


Created d:\וכמק\FTPDB\Help\FTPDBHelp.chm, 530,565 bytes
Compression decreased file by 287,349 bytes.
Microsoft HTML Help Compiler 4.74.8702

Compiling d:\וכמק\FTPDB\Help\FTPDBHelp.chm


Compile time: 0 minutes, 1 second
9	Topics
12	Local links
1	Internet link
16	Graphics


Created d:\וכמק\FTPDB\Help\FTPDBHelp.chm, 530,785 bytes
Compression decreased file by 286,524 bytes.
Microsoft HTML Help Compiler 4.74.8702

Compiling d:\וכמק\FTPDB\Help\FTPDBHelp.chm


Compile time: 0 minutes, 1 second
9	Topics
12	Local links
1	Internet link
16	Graphics


Created d:\וכמק\FTPDB\Help\FTPDBHelp.chm, 530,947 bytes
Compression decreased file by 286,382 bytes.
Microsoft HTML Help Compiler 4.74.8702

Compiling d:\וכמק\FTPDB\Help\FTPDBHelp.chm


Compile time: 0 minutes, 1 second
9	Topics
12	Local links
1	Internet link
16	Graphics


Created d:\וכמק\FTPDB\Help\FTPDBHelp.chm, 530,785 bytes
Compression decreased file by 286,545 bytes.
Microsoft HTML Help Compiler 4.74.8702

Compiling d:\וכמק\FTPDB\Help\FTPDBHelp.chm


Compile time: 0 minutes, 1 second
9	Topics
12	Local links
1	Internet link
16	Graphics


Created d:\וכמק\FTPDB\Help\FTPDBHelp.chm, 530,785 bytes
Compression decreased file by 286,545 bytes.
Microsoft HTML Help Compiler 4.74.8702

Compiling d:\וכמק\FTPDB\Help\FTPDBHelp.chm


Compile time: 0 minutes, 1 second
9	Topics
12	Local links
1	Internet link
16	Graphics


Created d:\וכמק\FTPDB\Help\FTPDBHelp.chm, 530,785 bytes
Compression decreased file by 286,520 bytes.
Microsoft HTML Help Compiler 4.74.8702

Compiling d:\וכמק\FTPDB\Help\FTPDBHelp.chm


Compile time: 0 minutes, 1 second
9	Topics
12	Local links
1	Internet link
16	Graphics


Created d:\וכמק\FTPDB\Help\FTPDBHelp.chm, 530,783 bytes
Compression decreased file by 286,514 bytes.
Microsoft HTML Help Compiler 4.74.8702

Compiling d:\וכמק\FTPDB\Help\FTPDBHelp.chm


Compile time: 0 minutes, 1 second
9	Topics
12	Local links
1	Internet link
16	Graphics


Created d:\וכמק\FTPDB\Help\FTPDBHelp.chm, 530,785 bytes
Compression decreased file by 286,512 bytes.
Microsoft HTML Help Compiler 4.74.8702

Compiling d:\וכמק\FTPDB\Help\FTPDBHelp.chm


Compile time: 0 minutes, 1 second
9	Topics
12	Local links
1	Internet link
16	Graphics


Created d:\וכמק\FTPDB\Help\FTPDBHelp.chm, 532,175 bytes
Compression decreased file by 284,123 bytes.
Microsoft HTML Help Compiler 4.74.8702

Compiling d:\וכמק\FTPDB\Help\FTPDBHelp.chm


Compile time: 0 minutes, 2 seconds
10	Topics
12	Local links
1	Internet link
21	Graphics


Created d:\וכמק\FTPDB\Help\FTPDBHelp.chm, 735,335 bytes
Compression decreased file by 416,220 bytes.
Microsoft HTML Help Compiler 4.74.8702

Compiling d:\וכמק\FTPDB\Help\FTPDBHelp.chm


Compile time: 0 minutes, 1 second
9	Topics
12	Local links
1	Internet link
16	Graphics


Created d:\וכמק\FTPDB\Help\FTPDBHelp.chm, 531,893 bytes
Compression decreased file by 283,535 bytes.
Microsoft HTML Help Compiler 4.74.8702

Compiling d:\וכמק\FTPDB\Help\FTPDBHelp.chm


Compile time: 0 minutes, 1 second
9	Topics
12	Local links
1	Internet link
16	Graphics


Created d:\וכמק\FTPDB\Help\FTPDBHelp.chm, 531,925 bytes
Compression decreased file by 283,476 bytes.
